Using pre-set license
Built from '2021.3/staging' branch; Version is '2021.3.18f1 (3129e69bc0c7) revision 3221990'; Using compiler version '192829333'; Build Type 'Release'
OS: 'Windows 10  (10.0.19045) 64bit Professional' Language: 'pt' Physical Memory: 16352 MB
BatchMode: 1, IsHumanControllingUs: 0, StartBugReporterOnCrash: 0, Is64bit: 1, IsPro: 1

COMMAND LINE ARGUMENTS:
C:\Program Files\Unity\Hub\Editor\2021.3.18f1\Editor\Unity.exe
-adb2
-batchMode
-noUpm
-name
AssetImportWorker4
-projectPath
C:/Users/User/Documents/ProjetosUnity/CorridaIA2023/CorridaIA2023
-logFile
Logs/AssetImportWorker4.log
-srvPort
64623
Successfully changed project path to: C:/Users/User/Documents/ProjetosUnity/CorridaIA2023/CorridaIA2023
C:/Users/User/Documents/ProjetosUnity/CorridaIA2023/CorridaIA2023
[UnityMemory] Configuration Parameters - Can be set up in boot.config
    "memorysetup-bucket-allocator-granularity=16"
    "memorysetup-bucket-allocator-bucket-count=8"
    "memorysetup-bucket-allocator-block-size=33554432"
    "memorysetup-bucket-allocator-block-count=8"
    "memorysetup-main-allocator-block-size=16777216"
    "memorysetup-thread-allocator-block-size=16777216"
    "memorysetup-gfx-main-allocator-block-size=16777216"
    "memorysetup-gfx-thread-allocator-block-size=16777216"
    "memorysetup-cache-allocator-block-size=4194304"
    "memorysetup-typetree-allocator-block-size=2097152"
    "memorysetup-profiler-bucket-allocator-granularity=16"
    "memorysetup-profiler-bucket-allocator-bucket-count=8"
    "memorysetup-profiler-bucket-allocator-block-size=33554432"
    "memorysetup-profiler-bucket-allocator-block-count=8"
    "memorysetup-profiler-allocator-block-size=16777216"
    "memorysetup-profiler-editor-allocator-block-size=1048576"
    "memorysetup-temp-allocator-size-main=16777216"
    "memorysetup-job-temp-allocator-block-size=2097152"
    "memorysetup-job-temp-allocator-block-size-background=1048576"
    "memorysetup-job-temp-allocator-reduction-small-platforms=262144"
    "memorysetup-temp-allocator-size-background-worker=32768"
    "memorysetup-temp-allocator-size-job-worker=262144"
    "memorysetup-temp-allocator-size-preload-manager=33554432"
    "memorysetup-temp-allocator-size-nav-mesh-worker=65536"
    "memorysetup-temp-allocator-size-audio-worker=65536"
    "memorysetup-temp-allocator-size-cloud-worker=32768"
    "memorysetup-temp-allocator-size-gi-baking-worker=262144"
    "memorysetup-temp-allocator-size-gfx=262144"
Player connection [18544] Host "[IP] 192.168.100.7 [Port] 0 [Flags] 2 [Guid] 3632329000 [EditorId] 3632329000 [Version] 1048832 [Id] WindowsEditor(7,DESKTOP-M8FGI40) [Debug] 1 [PackageName] WindowsEditor [ProjectName] Editor" joined multi-casting on [225.0.0.222:54997]...

Player connection [18544] Host "[IP] 192.168.100.7 [Port] 0 [Flags] 2 [Guid] 3632329000 [EditorId] 3632329000 [Version] 1048832 [Id] WindowsEditor(7,DESKTOP-M8FGI40) [Debug] 1 [PackageName] WindowsEditor [ProjectName] Editor" joined alternative multi-casting on [225.0.0.222:34997]...

Refreshing native plugins compatible for Editor in 207.06 ms, found 3 plugins.
Preloading 0 native plugins for Editor in 0.00 ms.
Initialize engine version: 2021.3.18f1 (3129e69bc0c7)
[Subsystems] Discovering subsystems at path C:/Program Files/Unity/Hub/Editor/2021.3.18f1/Editor/Data/Resources/UnitySubsystems
[Subsystems] Discovering subsystems at path C:/Users/User/Documents/ProjetosUnity/CorridaIA2023/CorridaIA2023/Assets
GfxDevice: creating device client; threaded=0; jobified=0
Direct3D:
    Version:  Direct3D 11.0 [level 11.0]
    Renderer: NVIDIA GeForce GT 710 (ID=0x128b)
    Vendor:   NVIDIA
    VRAM:     2007 MB
    Driver:   30.0.14.7196
Initialize mono
Mono path[0] = 'C:/Program Files/Unity/Hub/Editor/2021.3.18f1/Editor/Data/Managed'
Mono path[1] = 'C:/Program Files/Unity/Hub/Editor/2021.3.18f1/Editor/Data/MonoBleedingEdge/lib/mono/unityjit-win32'
Mono config path = 'C:/Program Files/Unity/Hub/Editor/2021.3.18f1/Editor/Data/MonoBleedingEdge/etc'
Using monoOptions --debugger-agent=transport=dt_socket,embedding=1,server=y,suspend=n,address=127.0.0.1:56428
Begin MonoManager ReloadAssembly
Registering precompiled unity dll's ...
Register platform support module: C:/Program Files/Unity/Hub/Editor/2021.3.18f1/Editor/Data/PlaybackEngines/WindowsStandaloneSupport/UnityEditor.WindowsStandalone.Extensions.dll
Registered in 0.018664 seconds.
Native extension for WindowsStandalone target not found
Refreshing native plugins compatible for Editor in 159.14 ms, found 3 plugins.
Preloading 0 native plugins for Editor in 0.00 ms.
Mono: successfully reloaded assembly
- Completed reload, in  1.192 seconds
Domain Reload Profiling:
	ReloadAssembly (1193ms)
		BeginReloadAssembly (139ms)
			ExecutionOrderSort (0ms)
			DisableScriptedObjects (0ms)
			BackupInstance (0ms)
			ReleaseScriptingObjects (0ms)
			CreateAndSetChildDomain (1ms)
		EndReloadAssembly (821ms)
			LoadAssemblies (135ms)
			RebuildTransferFunctionScriptingTraits (1ms)
			SetupTypeCache (190ms)
			ReleaseScriptCaches (0ms)
			RebuildScriptCaches (49ms)
			SetupLoadedEditorAssemblies (495ms)
				LogAssemblyErrors (0ms)
				InitializePlatformSupportModulesInManaged (14ms)
				SetLoadedEditorAssemblies (0ms)
				RefreshPlugins (159ms)
				BeforeProcessingInitializeOnLoad (2ms)
				ProcessInitializeOnLoadAttributes (231ms)
				ProcessInitializeOnLoadMethodAttributes (88ms)
				AfterProcessingInitializeOnLoad (0ms)
				EditorAssembliesLoaded (0ms)
			ExecutionOrderSort2 (0ms)
			AwakeInstancesAfterBackupRestoration (0ms)
Platform modules already initialized, skipping
Registering precompiled user dll's ...
Registered in 0.035141 seconds.
Begin MonoManager ReloadAssembly
Symbol file LoadedFromMemory doesn't match image C:\Users\User\Documents\ProjetosUnity\CorridaIA2023\CorridaIA2023\Library\PackageCache\com.unity.visualscripting@1.8.0\Editor\VisualScripting.Core\Dependencies\YamlDotNet\Unity.VisualScripting.YamlDotNet.dll
Symbol file LoadedFromMemory doesn't match image C:\Users\User\Documents\ProjetosUnity\CorridaIA2023\CorridaIA2023\Library\PackageCache\com.unity.visualscripting@1.8.0\Editor\VisualScripting.Core\Dependencies\DotNetZip\Unity.VisualScripting.IonicZip.dll
Native extension for WindowsStandalone target not found
Refreshing native plugins compatible for Editor in 0.68 ms, found 3 plugins.
Preloading 0 native plugins for Editor in 0.00 ms.
Mono: successfully reloaded assembly
- Completed reload, in  2.103 seconds
Domain Reload Profiling:
	ReloadAssembly (2104ms)
		BeginReloadAssembly (199ms)
			ExecutionOrderSort (0ms)
			DisableScriptedObjects (10ms)
			BackupInstance (0ms)
			ReleaseScriptingObjects (0ms)
			CreateAndSetChildDomain (26ms)
		EndReloadAssembly (1710ms)
			LoadAssemblies (130ms)
			RebuildTransferFunctionScriptingTraits (0ms)
			SetupTypeCache (483ms)
			ReleaseScriptCaches (1ms)
			RebuildScriptCaches (92ms)
			SetupLoadedEditorAssemblies (935ms)
				LogAssemblyErrors (0ms)
				InitializePlatformSupportModulesInManaged (9ms)
				SetLoadedEditorAssemblies (1ms)
				RefreshPlugins (1ms)
				BeforeProcessingInitializeOnLoad (156ms)
				ProcessInitializeOnLoadAttributes (725ms)
				ProcessInitializeOnLoadMethodAttributes (27ms)
				AfterProcessingInitializeOnLoad (18ms)
				EditorAssembliesLoaded (0ms)
			ExecutionOrderSort2 (0ms)
			AwakeInstancesAfterBackupRestoration (10ms)
Platform modules already initialized, skipping
========================================================================
Worker process is ready to serve import requests
Launched and connected shader compiler UnityShaderCompiler.exe after 0.05 seconds
Refreshing native plugins compatible for Editor in 0.68 ms, found 3 plugins.
Preloading 0 native plugins for Editor in 0.00 ms.
Unloading 3065 Unused Serialized files (Serialized files now loaded: 0)
Unloading 24 unused Assets / (114.2 KB). Loaded Objects now: 3546.
Memory consumption went from 127.3 MB to 127.2 MB.
Total: 5.901300 ms (FindLiveObjects: 0.307100 ms CreateObjectMapping: 0.143100 ms MarkObjects: 5.079200 ms  DeleteObjects: 0.369300 ms)

AssetImportParameters requested are different than current active one (requested -> active):
  custom:video-decoder-ogg-theora: a1e56fd34408186e4bbccfd4996cb3dc -> 
  custom:container-muxer-webm: aa71ff27fc2769a1b78a27578f13a17b -> 
  custom:container-demuxer-webm: 4f35f7cbe854078d1ac9338744f61a02 -> 
  custom:video-encoder-webm-vp8: eb34c28f22e8b96e1ab97ce403110664 -> 
  custom:video-codec-MediaFoundation-h265: 746d11721c4dcdbdad8f713fa42b33f4 -> 
  custom:audio-encoder-webm-vorbis: bf7c407c2cedff20999df2af8eb42d56 -> 
  custom:framework-win-MediaFoundation: 216162199b28c13a410421893ffa2e32 -> 
  custom:container-demuxer-ogg: 62fdf1f143b41e24485cea50d1cbac27 -> 
  custom:video-decoder-webm-vp8: 9c59270c3fd7afecdb556c50c9e8de78 -> 
  custom:audio-decoder-ogg-vorbis: bf7c407c2cedff20999df2af8eb42d56 -> 
========================================================================
Received Import Request.
  Time since last request: 937843.077783 seconds.
  path: Assets/TextMesh Pro/Resources/Fonts & Materials/LiberationSans SDF - Outline.mat
  artifactKey: Guid(79459efec17a4d00a321bdcc27bbc385) Importer(815301076,1909f56bfc062723c751e8b465ee728b)
Start importing Assets/TextMesh Pro/Resources/Fonts & Materials/LiberationSans SDF - Outline.mat using Guid(79459efec17a4d00a321bdcc27bbc385) Importer(815301076,1909f56bfc062723c751e8b465ee728b)  -> (artifact id: '46141005134ae1e3557496ebdab710db') in 0.646373 seconds 
========================================================================
Received Import Request.
  Time since last request: 0.000033 seconds.
  path: Assets/race-track-lake/Materials/mountain-wall.mat
  artifactKey: Guid(40592828bad3d14458266cc4adc0a51d) Importer(815301076,1909f56bfc062723c751e8b465ee728b)
Start importing Assets/race-track-lake/Materials/mountain-wall.mat using Guid(40592828bad3d14458266cc4adc0a51d) Importer(815301076,1909f56bfc062723c751e8b465ee728b)  -> (artifact id: '07154a8fe0f1b170017a4637d0e22ec7') in 0.351816 seconds 
========================================================================
Received Import Request.
  Time since last request: 0.000038 seconds.
  path: Assets/race-track-lake/Materials/tire.mat
  artifactKey: Guid(ddeb9c868b38ca649aa1b203cf3cf534) Importer(815301076,1909f56bfc062723c751e8b465ee728b)
Start importing Assets/race-track-lake/Materials/tire.mat using Guid(ddeb9c868b38ca649aa1b203cf3cf534) Importer(815301076,1909f56bfc062723c751e8b465ee728b)  -> (artifact id: 'd437633d18cc5ba7fbf7cd0ed637630f') in 0.063080 seconds 
========================================================================
Received Import Request.
  Time since last request: 63.404011 seconds.
  path: Assets/Prefabs/Rain.prefab
  artifactKey: Guid(1ae405d3d2189fa4f9ed8079f73f78b3) Importer(815301076,1909f56bfc062723c751e8b465ee728b)
Start importing Assets/Prefabs/Rain.prefab using Guid(1ae405d3d2189fa4f9ed8079f73f78b3) Importer(815301076,1909f56bfc062723c751e8b465ee728b)  -> (artifact id: '6851eab4b9a5bf0ce57e7a9ae0a139bd') in 0.053809 seconds 
========================================================================
Received Import Request.
  Time since last request: 4.945020 seconds.
  path: Assets/Prefabs/Carro1.prefab
  artifactKey: Guid(bd687ba8e6017ca47ba653dca40965e5) Importer(815301076,1909f56bfc062723c751e8b465ee728b)
Start importing Assets/Prefabs/Carro1.prefab using Guid(bd687ba8e6017ca47ba653dca40965e5) Importer(815301076,1909f56bfc062723c751e8b465ee728b)  -> (artifact id: '7b2e1c8a468d2d1404d4386c7ec28585') in 0.172757 seconds 
========================================================================
Received Import Request.
  Time since last request: 2.724159 seconds.
  path: Assets/Prefabs/Carro1.prefab
  artifactKey: Guid(bd687ba8e6017ca47ba653dca40965e5) Importer(815301076,1909f56bfc062723c751e8b465ee728b)
Start importing Assets/Prefabs/Carro1.prefab using Guid(bd687ba8e6017ca47ba653dca40965e5) Importer(815301076,1909f56bfc062723c751e8b465ee728b)  -> (artifact id: 'd4e024a4ec0d9d801a828a0442e4e677') in 0.053837 seconds 
========================================================================
Received Import Request.
  Time since last request: 5.289503 seconds.
  path: Assets/Prefabs/Carro1.prefab
  artifactKey: Guid(bd687ba8e6017ca47ba653dca40965e5) Importer(815301076,1909f56bfc062723c751e8b465ee728b)
Start importing Assets/Prefabs/Carro1.prefab using Guid(bd687ba8e6017ca47ba653dca40965e5) Importer(815301076,1909f56bfc062723c751e8b465ee728b)  -> (artifact id: '22677f021829249aaaaf88b02151ddd4') in 0.127007 seconds 
========================================================================
Received Import Request.
  Time since last request: 15.444534 seconds.
  path: Assets/Prefabs/Carro1.prefab
  artifactKey: Guid(bd687ba8e6017ca47ba653dca40965e5) Importer(815301076,1909f56bfc062723c751e8b465ee728b)
Start importing Assets/Prefabs/Carro1.prefab using Guid(bd687ba8e6017ca47ba653dca40965e5) Importer(815301076,1909f56bfc062723c751e8b465ee728b)  -> (artifact id: 'f80aed56cdb68ae6e096911ce5a4fd8c') in 0.035501 seconds 
========================================================================
Received Import Request.
  Time since last request: 1.423097 seconds.
  path: Assets/Prefabs/Carro1.prefab
  artifactKey: Guid(bd687ba8e6017ca47ba653dca40965e5) Importer(815301076,1909f56bfc062723c751e8b465ee728b)
Start importing Assets/Prefabs/Carro1.prefab using Guid(bd687ba8e6017ca47ba653dca40965e5) Importer(815301076,1909f56bfc062723c751e8b465ee728b)  -> (artifact id: '026184c2fa4a7e2d720e660b7266842d') in 0.033304 seconds 
========================================================================
Received Import Request.
  Time since last request: 3.353069 seconds.
  path: Assets/Prefabs/Carro1.prefab
  artifactKey: Guid(bd687ba8e6017ca47ba653dca40965e5) Importer(815301076,1909f56bfc062723c751e8b465ee728b)
Start importing Assets/Prefabs/Carro1.prefab using Guid(bd687ba8e6017ca47ba653dca40965e5) Importer(815301076,1909f56bfc062723c751e8b465ee728b)  -> (artifact id: 'a06183cb51b9941d6fa38654dd7192e8') in 0.038800 seconds 
========================================================================
Received Import Request.
  Time since last request: 1.990198 seconds.
  path: Assets/Prefabs/Carro1.prefab
  artifactKey: Guid(bd687ba8e6017ca47ba653dca40965e5) Importer(815301076,1909f56bfc062723c751e8b465ee728b)
Start importing Assets/Prefabs/Carro1.prefab using Guid(bd687ba8e6017ca47ba653dca40965e5) Importer(815301076,1909f56bfc062723c751e8b465ee728b)  -> (artifact id: '407dbe4f2dbbe756ad1b56ce874112e0') in 0.058935 seconds 
========================================================================
Received Import Request.
  Time since last request: 4.563845 seconds.
  path: Assets/Prefabs/Carro1.prefab
  artifactKey: Guid(bd687ba8e6017ca47ba653dca40965e5) Importer(815301076,1909f56bfc062723c751e8b465ee728b)
Start importing Assets/Prefabs/Carro1.prefab using Guid(bd687ba8e6017ca47ba653dca40965e5) Importer(815301076,1909f56bfc062723c751e8b465ee728b)  -> (artifact id: '273a28d0f9332d7fa498d74b48ce68a4') in 0.037802 seconds 
========================================================================
Received Import Request.
  Time since last request: 3.927920 seconds.
  path: Assets/Prefabs/Carro1.prefab
  artifactKey: Guid(bd687ba8e6017ca47ba653dca40965e5) Importer(815301076,1909f56bfc062723c751e8b465ee728b)
Start importing Assets/Prefabs/Carro1.prefab using Guid(bd687ba8e6017ca47ba653dca40965e5) Importer(815301076,1909f56bfc062723c751e8b465ee728b)  -> (artifact id: 'a6ba7ab62b932c3502a18713b0620023') in 0.078041 seconds 
========================================================================
Received Import Request.
  Time since last request: 6.117042 seconds.
  path: Assets/Prefabs/Carro2.prefab
  artifactKey: Guid(5e9ed6fd5ee907c45ac2f7469cd5fdb5) Importer(815301076,1909f56bfc062723c751e8b465ee728b)
Start importing Assets/Prefabs/Carro2.prefab using Guid(5e9ed6fd5ee907c45ac2f7469cd5fdb5) Importer(815301076,1909f56bfc062723c751e8b465ee728b)  -> (artifact id: '8d5d492958924254690da0ed5acf847f') in 0.041998 seconds 
========================================================================
Received Import Request.
  Time since last request: 2.524226 seconds.
  path: Assets/Prefabs/Carro2.prefab
  artifactKey: Guid(5e9ed6fd5ee907c45ac2f7469cd5fdb5) Importer(815301076,1909f56bfc062723c751e8b465ee728b)
Start importing Assets/Prefabs/Carro2.prefab using Guid(5e9ed6fd5ee907c45ac2f7469cd5fdb5) Importer(815301076,1909f56bfc062723c751e8b465ee728b)  -> (artifact id: '0e12ded2c3ac29fd48c71db2a12f3b92') in 0.060049 seconds 
========================================================================
Received Import Request.
  Time since last request: 0.994899 seconds.
  path: Assets/Prefabs/Carro2.prefab
  artifactKey: Guid(5e9ed6fd5ee907c45ac2f7469cd5fdb5) Importer(815301076,1909f56bfc062723c751e8b465ee728b)
Start importing Assets/Prefabs/Carro2.prefab using Guid(5e9ed6fd5ee907c45ac2f7469cd5fdb5) Importer(815301076,1909f56bfc062723c751e8b465ee728b)  -> (artifact id: 'aa4cfb37ea22d9daf69a60a575ac112e') in 0.036714 seconds 
========================================================================
Received Import Request.
  Time since last request: 2.648680 seconds.
  path: Assets/Prefabs/Carro2.prefab
  artifactKey: Guid(5e9ed6fd5ee907c45ac2f7469cd5fdb5) Importer(815301076,1909f56bfc062723c751e8b465ee728b)
Start importing Assets/Prefabs/Carro2.prefab using Guid(5e9ed6fd5ee907c45ac2f7469cd5fdb5) Importer(815301076,1909f56bfc062723c751e8b465ee728b)  -> (artifact id: '9a65e4d361d96a69861b8729def0201c') in 0.032932 seconds 
========================================================================
Received Import Request.
  Time since last request: 1.232928 seconds.
  path: Assets/Prefabs/Carro3.prefab
  artifactKey: Guid(cd0b6c0820c69de47a8ef485b4fb4606) Importer(815301076,1909f56bfc062723c751e8b465ee728b)
Start importing Assets/Prefabs/Carro3.prefab using Guid(cd0b6c0820c69de47a8ef485b4fb4606) Importer(815301076,1909f56bfc062723c751e8b465ee728b)  -> (artifact id: '3623eaaba5c3448d5dc98c3f0ec0be80') in 0.096714 seconds 
========================================================================
Received Import Request.
  Time since last request: 2.393242 seconds.
  path: Assets/Prefabs/Carro3.prefab
  artifactKey: Guid(cd0b6c0820c69de47a8ef485b4fb4606) Importer(815301076,1909f56bfc062723c751e8b465ee728b)
Start importing Assets/Prefabs/Carro3.prefab using Guid(cd0b6c0820c69de47a8ef485b4fb4606) Importer(815301076,1909f56bfc062723c751e8b465ee728b)  -> (artifact id: '94a2031da06ade8d1c72ad311695c12f') in 0.059747 seconds 
========================================================================
Received Import Request.
  Time since last request: 0.790992 seconds.
  path: Assets/Prefabs/Carro3.prefab
  artifactKey: Guid(cd0b6c0820c69de47a8ef485b4fb4606) Importer(815301076,1909f56bfc062723c751e8b465ee728b)
Start importing Assets/Prefabs/Carro3.prefab using Guid(cd0b6c0820c69de47a8ef485b4fb4606) Importer(815301076,1909f56bfc062723c751e8b465ee728b)  -> (artifact id: 'fcc01aa9e65b2a8ab7e42a3de6534e77') in 0.054405 seconds 
========================================================================
Received Import Request.
  Time since last request: 1.050420 seconds.
  path: Assets/Prefabs/Carro3.prefab
  artifactKey: Guid(cd0b6c0820c69de47a8ef485b4fb4606) Importer(815301076,1909f56bfc062723c751e8b465ee728b)
Start importing Assets/Prefabs/Carro3.prefab using Guid(cd0b6c0820c69de47a8ef485b4fb4606) Importer(815301076,1909f56bfc062723c751e8b465ee728b)  -> (artifact id: '7a5c81c3336fb1fe9d46381eeb826837') in 0.038587 seconds 
========================================================================
Received Import Request.
  Time since last request: 1.256825 seconds.
  path: Assets/Prefabs/Carro3.prefab
  artifactKey: Guid(cd0b6c0820c69de47a8ef485b4fb4606) Importer(815301076,1909f56bfc062723c751e8b465ee728b)
Start importing Assets/Prefabs/Carro3.prefab using Guid(cd0b6c0820c69de47a8ef485b4fb4606) Importer(815301076,1909f56bfc062723c751e8b465ee728b)  -> (artifact id: 'd3e11ef6b27cd0f9b8884a37ade28b05') in 0.035170 seconds 
========================================================================
Received Import Request.
  Time since last request: 1.807085 seconds.
  path: Assets/Prefabs/Carro3.prefab
  artifactKey: Guid(cd0b6c0820c69de47a8ef485b4fb4606) Importer(815301076,1909f56bfc062723c751e8b465ee728b)
Start importing Assets/Prefabs/Carro3.prefab using Guid(cd0b6c0820c69de47a8ef485b4fb4606) Importer(815301076,1909f56bfc062723c751e8b465ee728b)  -> (artifact id: 'b703a57268d2678cffb768b739171536') in 0.047184 seconds 
========================================================================
Received Import Request.
  Time since last request: 1.255699 seconds.
  path: Assets/Prefabs/Carro4.prefab
  artifactKey: Guid(f04b48faa89dbef4d96d18280b7fedfc) Importer(815301076,1909f56bfc062723c751e8b465ee728b)
Start importing Assets/Prefabs/Carro4.prefab using Guid(f04b48faa89dbef4d96d18280b7fedfc) Importer(815301076,1909f56bfc062723c751e8b465ee728b)  -> (artifact id: '9aef580083b5a7231f5fa376ff1e722d') in 0.040920 seconds 
========================================================================
Received Import Request.
  Time since last request: 3.059172 seconds.
  path: Assets/Prefabs/Carro4.prefab
  artifactKey: Guid(f04b48faa89dbef4d96d18280b7fedfc) Importer(815301076,1909f56bfc062723c751e8b465ee728b)
Start importing Assets/Prefabs/Carro4.prefab using Guid(f04b48faa89dbef4d96d18280b7fedfc) Importer(815301076,1909f56bfc062723c751e8b465ee728b)  -> (artifact id: 'c693afe89adf29c9a7c053491b80eae9') in 0.082968 seconds 
========================================================================
Received Import Request.
  Time since last request: 1.498962 seconds.
  path: Assets/Prefabs/Carro4.prefab
  artifactKey: Guid(f04b48faa89dbef4d96d18280b7fedfc) Importer(815301076,1909f56bfc062723c751e8b465ee728b)
Start importing Assets/Prefabs/Carro4.prefab using Guid(f04b48faa89dbef4d96d18280b7fedfc) Importer(815301076,1909f56bfc062723c751e8b465ee728b)  -> (artifact id: '5f390ed90dee9d4a0b59e69e2de7afb9') in 0.061068 seconds 
========================================================================
Received Import Request.
  Time since last request: 1.598283 seconds.
  path: Assets/Prefabs/Carro4.prefab
  artifactKey: Guid(f04b48faa89dbef4d96d18280b7fedfc) Importer(815301076,1909f56bfc062723c751e8b465ee728b)
Start importing Assets/Prefabs/Carro4.prefab using Guid(f04b48faa89dbef4d96d18280b7fedfc) Importer(815301076,1909f56bfc062723c751e8b465ee728b)  -> (artifact id: '434de7a2f72c3b18483d7b58bca4542f') in 0.054647 seconds 
========================================================================
Received Prepare
Registering precompiled user dll's ...
Registered in 0.006610 seconds.
Begin MonoManager ReloadAssembly
Symbol file LoadedFromMemory doesn't match image C:\Users\User\Documents\ProjetosUnity\CorridaIA2023\CorridaIA2023\Library\PackageCache\com.unity.visualscripting@1.8.0\Editor\VisualScripting.Core\Dependencies\YamlDotNet\Unity.VisualScripting.YamlDotNet.dll
Symbol file LoadedFromMemory doesn't match image C:\Users\User\Documents\ProjetosUnity\CorridaIA2023\CorridaIA2023\Library\PackageCache\com.unity.visualscripting@1.8.0\Editor\VisualScripting.Core\Dependencies\DotNetZip\Unity.VisualScripting.IonicZip.dll
Native extension for WindowsStandalone target not found
Refreshing native plugins compatible for Editor in 1.77 ms, found 3 plugins.
Preloading 0 native plugins for Editor in 0.00 ms.
Mono: successfully reloaded assembly
- Completed reload, in  1.827 seconds
Domain Reload Profiling:
	ReloadAssembly (1828ms)
		BeginReloadAssembly (188ms)
			ExecutionOrderSort (0ms)
			DisableScriptedObjects (15ms)
			BackupInstance (0ms)
			ReleaseScriptingObjects (0ms)
			CreateAndSetChildDomain (49ms)
		EndReloadAssembly (1483ms)
			LoadAssemblies (110ms)
			RebuildTransferFunctionScriptingTraits (0ms)
			SetupTypeCache (454ms)
			ReleaseScriptCaches (1ms)
			RebuildScriptCaches (65ms)
			SetupLoadedEditorAssemblies (780ms)
				LogAssemblyErrors (0ms)
				InitializePlatformSupportModulesInManaged (26ms)
				SetLoadedEditorAssemblies (2ms)
				RefreshPlugins (2ms)
				BeforeProcessingInitializeOnLoad (104ms)
				ProcessInitializeOnLoadAttributes (591ms)
				ProcessInitializeOnLoadMethodAttributes (31ms)
				AfterProcessingInitializeOnLoad (25ms)
				EditorAssembliesLoaded (0ms)
			ExecutionOrderSort2 (0ms)
			AwakeInstancesAfterBackupRestoration (9ms)
Platform modules already initialized, skipping
Refreshing native plugins compatible for Editor in 6.11 ms, found 3 plugins.
Preloading 0 native plugins for Editor in 0.00 ms.
Unloading 3046 Unused Serialized files (Serialized files now loaded: 0)
Unloading 20 unused Assets / (83.4 KB). Loaded Objects now: 3592.
Memory consumption went from 130.5 MB to 130.4 MB.
Total: 4.422600 ms (FindLiveObjects: 0.420400 ms CreateObjectMapping: 0.179800 ms MarkObjects: 3.684900 ms  DeleteObjects: 0.136000 ms)

AssetImportParameters requested are different than current active one (requested -> active):
  custom:video-decoder-ogg-theora: a1e56fd34408186e4bbccfd4996cb3dc -> 
  custom:container-muxer-webm: aa71ff27fc2769a1b78a27578f13a17b -> 
  custom:container-demuxer-webm: 4f35f7cbe854078d1ac9338744f61a02 -> 
  custom:video-encoder-webm-vp8: eb34c28f22e8b96e1ab97ce403110664 -> 
  custom:video-codec-MediaFoundation-h265: 746d11721c4dcdbdad8f713fa42b33f4 -> 
  custom:audio-encoder-webm-vorbis: bf7c407c2cedff20999df2af8eb42d56 -> 
  custom:framework-win-MediaFoundation: 216162199b28c13a410421893ffa2e32 -> 
  custom:container-demuxer-ogg: 62fdf1f143b41e24485cea50d1cbac27 -> 
  custom:video-decoder-webm-vp8: 9c59270c3fd7afecdb556c50c9e8de78 -> 
  custom:audio-decoder-ogg-vorbis: bf7c407c2cedff20999df2af8eb42d56 -> 
========================================================================
Received Import Request.
  Time since last request: 40.946781 seconds.
  path: Assets/Prefabs/Carro1.prefab
  artifactKey: Guid(bd687ba8e6017ca47ba653dca40965e5) Importer(815301076,1909f56bfc062723c751e8b465ee728b)
Start importing Assets/Prefabs/Carro1.prefab using Guid(bd687ba8e6017ca47ba653dca40965e5) Importer(815301076,1909f56bfc062723c751e8b465ee728b)  -> (artifact id: 'a6ba7ab62b932c3502a18713b0620023') in 0.260741 seconds 
========================================================================
Received Import Request.
  Time since last request: 0.000031 seconds.
  path: Assets/Prefabs/Carro4.prefab
  artifactKey: Guid(f04b48faa89dbef4d96d18280b7fedfc) Importer(815301076,1909f56bfc062723c751e8b465ee728b)
Start importing Assets/Prefabs/Carro4.prefab using Guid(f04b48faa89dbef4d96d18280b7fedfc) Importer(815301076,1909f56bfc062723c751e8b465ee728b)  -> (artifact id: '293603c2f8ee9f9e7213dd94993c7264') in 0.042668 seconds 
========================================================================
Received Import Request.
  Time since last request: 0.000042 seconds.
  path: Assets/Prefabs/Carro3.prefab
  artifactKey: Guid(cd0b6c0820c69de47a8ef485b4fb4606) Importer(815301076,1909f56bfc062723c751e8b465ee728b)
Start importing Assets/Prefabs/Carro3.prefab using Guid(cd0b6c0820c69de47a8ef485b4fb4606) Importer(815301076,1909f56bfc062723c751e8b465ee728b)  -> (artifact id: 'facd57261c34265bfd0f62cb936c38b5') in 0.028240 seconds 
========================================================================
Received Import Request.
  Time since last request: 251.119314 seconds.
  path: Assets/Prefabs/Carro1.prefab
  artifactKey: Guid(bd687ba8e6017ca47ba653dca40965e5) Importer(815301076,1909f56bfc062723c751e8b465ee728b)
Start importing Assets/Prefabs/Carro1.prefab using Guid(bd687ba8e6017ca47ba653dca40965e5) Importer(815301076,1909f56bfc062723c751e8b465ee728b)  -> (artifact id: 'b614a612696eb985bf5f0a1d2df29521') in 0.090128 seconds 
========================================================================
Received Import Request.
  Time since last request: 0.000042 seconds.
  path: Assets/Prefabs/Carro4.prefab
  artifactKey: Guid(f04b48faa89dbef4d96d18280b7fedfc) Importer(815301076,1909f56bfc062723c751e8b465ee728b)
Start importing Assets/Prefabs/Carro4.prefab using Guid(f04b48faa89dbef4d96d18280b7fedfc) Importer(815301076,1909f56bfc062723c751e8b465ee728b)  -> (artifact id: '46c23e61aaa8d1ab18524f2502957389') in 0.093021 seconds 
========================================================================
Received Import Request.
  Time since last request: 0.000042 seconds.
  path: Assets/Prefabs/Rain.prefab
  artifactKey: Guid(1ae405d3d2189fa4f9ed8079f73f78b3) Importer(815301076,1909f56bfc062723c751e8b465ee728b)
Start importing Assets/Prefabs/Rain.prefab using Guid(1ae405d3d2189fa4f9ed8079f73f78b3) Importer(815301076,1909f56bfc062723c751e8b465ee728b)  -> (artifact id: '15d653c8237c86913eafa783592ef331') in 0.016010 seconds 
========================================================================
Received Import Request.
  Time since last request: 0.000054 seconds.
  path: Assets/Prefabs/Carro3.prefab
  artifactKey: Guid(cd0b6c0820c69de47a8ef485b4fb4606) Importer(815301076,1909f56bfc062723c751e8b465ee728b)
Start importing Assets/Prefabs/Carro3.prefab using Guid(cd0b6c0820c69de47a8ef485b4fb4606) Importer(815301076,1909f56bfc062723c751e8b465ee728b)  -> (artifact id: 'c31c7947d32f4b60cd34363d43c0437f') in 0.034324 seconds 
========================================================================
Received Import Request.
  Time since last request: 11.544835 seconds.
  path: Assets/Prefabs/Carro1.prefab
  artifactKey: Guid(bd687ba8e6017ca47ba653dca40965e5) Importer(815301076,1909f56bfc062723c751e8b465ee728b)
Start importing Assets/Prefabs/Carro1.prefab using Guid(bd687ba8e6017ca47ba653dca40965e5) Importer(815301076,1909f56bfc062723c751e8b465ee728b)  -> (artifact id: '8664bbfd51f9cdded73861ba64732353') in 0.033802 seconds 
========================================================================
Received Import Request.
  Time since last request: 3.529189 seconds.
  path: Assets/Prefabs/Carro2.prefab
  artifactKey: Guid(5e9ed6fd5ee907c45ac2f7469cd5fdb5) Importer(815301076,1909f56bfc062723c751e8b465ee728b)
Start importing Assets/Prefabs/Carro2.prefab using Guid(5e9ed6fd5ee907c45ac2f7469cd5fdb5) Importer(815301076,1909f56bfc062723c751e8b465ee728b)  -> (artifact id: 'bb6ed9407d2a3655ac1d1919fe2a2f47') in 0.040200 seconds 
========================================================================
Received Import Request.
  Time since last request: 3.232314 seconds.
  path: Assets/Prefabs/Carro3.prefab
  artifactKey: Guid(cd0b6c0820c69de47a8ef485b4fb4606) Importer(815301076,1909f56bfc062723c751e8b465ee728b)
Start importing Assets/Prefabs/Carro3.prefab using Guid(cd0b6c0820c69de47a8ef485b4fb4606) Importer(815301076,1909f56bfc062723c751e8b465ee728b)  -> (artifact id: '33e7099abe7661206f045c1ef553fd4c') in 0.045248 seconds 
========================================================================
Received Import Request.
  Time since last request: 7.161699 seconds.
  path: Assets/Prefabs/Carro4.prefab
  artifactKey: Guid(f04b48faa89dbef4d96d18280b7fedfc) Importer(815301076,1909f56bfc062723c751e8b465ee728b)
Start importing Assets/Prefabs/Carro4.prefab using Guid(f04b48faa89dbef4d96d18280b7fedfc) Importer(815301076,1909f56bfc062723c751e8b465ee728b)  -> (artifact id: '073d440d1da16add3d30a30a6cdbbda4') in 0.037227 seconds 
========================================================================
Received Import Request.
  Time since last request: 45.219064 seconds.
  path: Assets/Prefabs/DestroyParticle.prefab
  artifactKey: Guid(d30924d9e82620c478d1307e2c0b9737) Importer(815301076,1909f56bfc062723c751e8b465ee728b)
Start importing Assets/Prefabs/DestroyParticle.prefab using Guid(d30924d9e82620c478d1307e2c0b9737) Importer(815301076,1909f56bfc062723c751e8b465ee728b)  -> (artifact id: '3acf285d2d289fb89bd36e18aba8459a') in 0.037509 seconds 
========================================================================
Received Prepare
Registering precompiled user dll's ...
Registered in 0.007003 seconds.
Begin MonoManager ReloadAssembly
Symbol file LoadedFromMemory doesn't match image C:\Users\User\Documents\ProjetosUnity\CorridaIA2023\CorridaIA2023\Library\PackageCache\com.unity.visualscripting@1.8.0\Editor\VisualScripting.Core\Dependencies\YamlDotNet\Unity.VisualScripting.YamlDotNet.dll
Symbol file LoadedFromMemory doesn't match image C:\Users\User\Documents\ProjetosUnity\CorridaIA2023\CorridaIA2023\Library\PackageCache\com.unity.visualscripting@1.8.0\Editor\VisualScripting.Core\Dependencies\DotNetZip\Unity.VisualScripting.IonicZip.dll
Native extension for WindowsStandalone target not found
Refreshing native plugins compatible for Editor in 0.72 ms, found 3 plugins.
Preloading 0 native plugins for Editor in 0.00 ms.
Mono: successfully reloaded assembly
- Completed reload, in  2.098 seconds
Domain Reload Profiling:
	ReloadAssembly (2100ms)
		BeginReloadAssembly (224ms)
			ExecutionOrderSort (0ms)
			DisableScriptedObjects (7ms)
			BackupInstance (0ms)
			ReleaseScriptingObjects (0ms)
			CreateAndSetChildDomain (56ms)
		EndReloadAssembly (1715ms)
			LoadAssemblies (164ms)
			RebuildTransferFunctionScriptingTraits (0ms)
			SetupTypeCache (491ms)
			ReleaseScriptCaches (6ms)
			RebuildScriptCaches (72ms)
			SetupLoadedEditorAssemblies (926ms)
				LogAssemblyErrors (0ms)
				InitializePlatformSupportModulesInManaged (24ms)
				SetLoadedEditorAssemblies (1ms)
				RefreshPlugins (1ms)
				BeforeProcessingInitializeOnLoad (124ms)
				ProcessInitializeOnLoadAttributes (716ms)
				ProcessInitializeOnLoadMethodAttributes (41ms)
				AfterProcessingInitializeOnLoad (19ms)
				EditorAssembliesLoaded (0ms)
			ExecutionOrderSort2 (0ms)
			AwakeInstancesAfterBackupRestoration (12ms)
Platform modules already initialized, skipping
Refreshing native plugins compatible for Editor in 2.89 ms, found 3 plugins.
Preloading 0 native plugins for Editor in 0.00 ms.
Unloading 3046 Unused Serialized files (Serialized files now loaded: 0)
Unloading 19 unused Assets / (82.7 KB). Loaded Objects now: 3596.
Memory consumption went from 130.5 MB to 130.5 MB.
Total: 4.040700 ms (FindLiveObjects: 0.326000 ms CreateObjectMapping: 0.140900 ms MarkObjects: 3.435800 ms  DeleteObjects: 0.136600 ms)

AssetImportParameters requested are different than current active one (requested -> active):
  custom:video-decoder-ogg-theora: a1e56fd34408186e4bbccfd4996cb3dc -> 
  custom:container-muxer-webm: aa71ff27fc2769a1b78a27578f13a17b -> 
  custom:container-demuxer-webm: 4f35f7cbe854078d1ac9338744f61a02 -> 
  custom:video-encoder-webm-vp8: eb34c28f22e8b96e1ab97ce403110664 -> 
  custom:video-codec-MediaFoundation-h265: 746d11721c4dcdbdad8f713fa42b33f4 -> 
  custom:audio-encoder-webm-vorbis: bf7c407c2cedff20999df2af8eb42d56 -> 
  custom:framework-win-MediaFoundation: 216162199b28c13a410421893ffa2e32 -> 
  custom:container-demuxer-ogg: 62fdf1f143b41e24485cea50d1cbac27 -> 
  custom:video-decoder-webm-vp8: 9c59270c3fd7afecdb556c50c9e8de78 -> 
  custom:audio-decoder-ogg-vorbis: bf7c407c2cedff20999df2af8eb42d56 -> 
========================================================================
Received Prepare
Registering precompiled user dll's ...
Registered in 0.010311 seconds.
Begin MonoManager ReloadAssembly
Symbol file LoadedFromMemory doesn't match image C:\Users\User\Documents\ProjetosUnity\CorridaIA2023\CorridaIA2023\Library\PackageCache\com.unity.visualscripting@1.8.0\Editor\VisualScripting.Core\Dependencies\YamlDotNet\Unity.VisualScripting.YamlDotNet.dll
Symbol file LoadedFromMemory doesn't match image C:\Users\User\Documents\ProjetosUnity\CorridaIA2023\CorridaIA2023\Library\PackageCache\com.unity.visualscripting@1.8.0\Editor\VisualScripting.Core\Dependencies\DotNetZip\Unity.VisualScripting.IonicZip.dll
Native extension for WindowsStandalone target not found
Refreshing native plugins compatible for Editor in 0.68 ms, found 3 plugins.
Preloading 0 native plugins for Editor in 0.00 ms.
Mono: successfully reloaded assembly
- Completed reload, in  2.634 seconds
Domain Reload Profiling:
	ReloadAssembly (2635ms)
		BeginReloadAssembly (312ms)
			ExecutionOrderSort (0ms)
			DisableScriptedObjects (32ms)
			BackupInstance (0ms)
			ReleaseScriptingObjects (0ms)
			CreateAndSetChildDomain (91ms)
		EndReloadAssembly (2119ms)
			LoadAssemblies (167ms)
			RebuildTransferFunctionScriptingTraits (0ms)
			SetupTypeCache (619ms)
			ReleaseScriptCaches (1ms)
			RebuildScriptCaches (111ms)
			SetupLoadedEditorAssemblies (1130ms)
				LogAssemblyErrors (0ms)
				InitializePlatformSupportModulesInManaged (30ms)
				SetLoadedEditorAssemblies (1ms)
				RefreshPlugins (1ms)
				BeforeProcessingInitializeOnLoad (156ms)
				ProcessInitializeOnLoadAttributes (884ms)
				ProcessInitializeOnLoadMethodAttributes (35ms)
				AfterProcessingInitializeOnLoad (23ms)
				EditorAssembliesLoaded (0ms)
			ExecutionOrderSort2 (0ms)
			AwakeInstancesAfterBackupRestoration (17ms)
Platform modules already initialized, skipping
Refreshing native plugins compatible for Editor in 2.22 ms, found 3 plugins.
Preloading 0 native plugins for Editor in 0.00 ms.
Unloading 3046 Unused Serialized files (Serialized files now loaded: 0)
Unloading 17 unused Assets / (81.2 KB). Loaded Objects now: 3599.
Memory consumption went from 130.6 MB to 130.5 MB.
Total: 4.054000 ms (FindLiveObjects: 0.273600 ms CreateObjectMapping: 0.123400 ms MarkObjects: 3.531500 ms  DeleteObjects: 0.123900 ms)

AssetImportParameters requested are different than current active one (requested -> active):
  custom:video-decoder-ogg-theora: a1e56fd34408186e4bbccfd4996cb3dc -> 
  custom:container-muxer-webm: aa71ff27fc2769a1b78a27578f13a17b -> 
  custom:container-demuxer-webm: 4f35f7cbe854078d1ac9338744f61a02 -> 
  custom:video-encoder-webm-vp8: eb34c28f22e8b96e1ab97ce403110664 -> 
  custom:video-codec-MediaFoundation-h265: 746d11721c4dcdbdad8f713fa42b33f4 -> 
  custom:audio-encoder-webm-vorbis: bf7c407c2cedff20999df2af8eb42d56 -> 
  custom:framework-win-MediaFoundation: 216162199b28c13a410421893ffa2e32 -> 
  custom:container-demuxer-ogg: 62fdf1f143b41e24485cea50d1cbac27 -> 
  custom:video-decoder-webm-vp8: 9c59270c3fd7afecdb556c50c9e8de78 -> 
  custom:audio-decoder-ogg-vorbis: bf7c407c2cedff20999df2af8eb42d56 -> 
========================================================================
Received Prepare
Registering precompiled user dll's ...
Registered in 0.007286 seconds.
Begin MonoManager ReloadAssembly
Symbol file LoadedFromMemory doesn't match image C:\Users\User\Documents\ProjetosUnity\CorridaIA2023\CorridaIA2023\Library\PackageCache\com.unity.visualscripting@1.8.0\Editor\VisualScripting.Core\Dependencies\YamlDotNet\Unity.VisualScripting.YamlDotNet.dll
Symbol file LoadedFromMemory doesn't match image C:\Users\User\Documents\ProjetosUnity\CorridaIA2023\CorridaIA2023\Library\PackageCache\com.unity.visualscripting@1.8.0\Editor\VisualScripting.Core\Dependencies\DotNetZip\Unity.VisualScripting.IonicZip.dll
Native extension for WindowsStandalone target not found
Refreshing native plugins compatible for Editor in 9.51 ms, found 3 plugins.
Preloading 0 native plugins for Editor in 0.00 ms.
Mono: successfully reloaded assembly
- Completed reload, in  1.952 seconds
Domain Reload Profiling:
	ReloadAssembly (1953ms)
		BeginReloadAssembly (208ms)
			ExecutionOrderSort (0ms)
			DisableScriptedObjects (8ms)
			BackupInstance (0ms)
			ReleaseScriptingObjects (0ms)
			CreateAndSetChildDomain (42ms)
		EndReloadAssembly (1579ms)
			LoadAssemblies (109ms)
			RebuildTransferFunctionScriptingTraits (0ms)
			SetupTypeCache (450ms)
			ReleaseScriptCaches (1ms)
			RebuildScriptCaches (74ms)
			SetupLoadedEditorAssemblies (864ms)
				LogAssemblyErrors (0ms)
				InitializePlatformSupportModulesInManaged (18ms)
				SetLoadedEditorAssemblies (1ms)
				RefreshPlugins (10ms)
				BeforeProcessingInitializeOnLoad (105ms)
				ProcessInitializeOnLoadAttributes (684ms)
				ProcessInitializeOnLoadMethodAttributes (34ms)
				AfterProcessingInitializeOnLoad (12ms)
				EditorAssembliesLoaded (0ms)
			ExecutionOrderSort2 (0ms)
			AwakeInstancesAfterBackupRestoration (9ms)
Platform modules already initialized, skipping
Refreshing native plugins compatible for Editor in 2.17 ms, found 3 plugins.
Preloading 0 native plugins for Editor in 0.00 ms.
Unloading 3046 Unused Serialized files (Serialized files now loaded: 0)
Unloading 17 unused Assets / (81.1 KB). Loaded Objects now: 3602.
Memory consumption went from 130.6 MB to 130.5 MB.
Total: 3.896900 ms (FindLiveObjects: 0.272900 ms CreateObjectMapping: 0.119600 ms MarkObjects: 3.385100 ms  DeleteObjects: 0.117700 ms)

AssetImportParameters requested are different than current active one (requested -> active):
  custom:video-decoder-ogg-theora: a1e56fd34408186e4bbccfd4996cb3dc -> 
  custom:container-muxer-webm: aa71ff27fc2769a1b78a27578f13a17b -> 
  custom:container-demuxer-webm: 4f35f7cbe854078d1ac9338744f61a02 -> 
  custom:video-encoder-webm-vp8: eb34c28f22e8b96e1ab97ce403110664 -> 
  custom:video-codec-MediaFoundation-h265: 746d11721c4dcdbdad8f713fa42b33f4 -> 
  custom:audio-encoder-webm-vorbis: bf7c407c2cedff20999df2af8eb42d56 -> 
  custom:framework-win-MediaFoundation: 216162199b28c13a410421893ffa2e32 -> 
  custom:container-demuxer-ogg: 62fdf1f143b41e24485cea50d1cbac27 -> 
  custom:video-decoder-webm-vp8: 9c59270c3fd7afecdb556c50c9e8de78 -> 
  custom:audio-decoder-ogg-vorbis: bf7c407c2cedff20999df2af8eb42d56 -> 
========================================================================
Received Import Request.
  Time since last request: 161.555185 seconds.
  path: Assets/Prefabs/Carro1.prefab
  artifactKey: Guid(bd687ba8e6017ca47ba653dca40965e5) Importer(815301076,1909f56bfc062723c751e8b465ee728b)
Start importing Assets/Prefabs/Carro1.prefab using Guid(bd687ba8e6017ca47ba653dca40965e5) Importer(815301076,1909f56bfc062723c751e8b465ee728b)  -> (artifact id: '3350fa63c37893d365d9417d84abb357') in 0.183368 seconds 
========================================================================
Received Import Request.
  Time since last request: 0.000037 seconds.
  path: Assets/Prefabs/Carro4.prefab
  artifactKey: Guid(f04b48faa89dbef4d96d18280b7fedfc) Importer(815301076,1909f56bfc062723c751e8b465ee728b)
Start importing Assets/Prefabs/Carro4.prefab using Guid(f04b48faa89dbef4d96d18280b7fedfc) Importer(815301076,1909f56bfc062723c751e8b465ee728b)  -> (artifact id: '05cef8576209aa55936196232cad357d') in 0.021801 seconds 
========================================================================
Received Import Request.
  Time since last request: 0.000041 seconds.
  path: Assets/Prefabs/Rain.prefab
  artifactKey: Guid(1ae405d3d2189fa4f9ed8079f73f78b3) Importer(815301076,1909f56bfc062723c751e8b465ee728b)
Start importing Assets/Prefabs/Rain.prefab using Guid(1ae405d3d2189fa4f9ed8079f73f78b3) Importer(815301076,1909f56bfc062723c751e8b465ee728b)  -> (artifact id: 'ba93964e6b218cddd1eaf0f431be2bf5') in 0.009867 seconds 
========================================================================
Received Prepare
Registering precompiled user dll's ...
Registered in 0.006943 seconds.
Begin MonoManager ReloadAssembly
Symbol file LoadedFromMemory doesn't match image C:\Users\User\Documents\ProjetosUnity\CorridaIA2023\CorridaIA2023\Library\PackageCache\com.unity.visualscripting@1.8.0\Editor\VisualScripting.Core\Dependencies\YamlDotNet\Unity.VisualScripting.YamlDotNet.dll
Symbol file LoadedFromMemory doesn't match image C:\Users\User\Documents\ProjetosUnity\CorridaIA2023\CorridaIA2023\Library\PackageCache\com.unity.visualscripting@1.8.0\Editor\VisualScripting.Core\Dependencies\DotNetZip\Unity.VisualScripting.IonicZip.dll
Native extension for WindowsStandalone target not found
Refreshing native plugins compatible for Editor in 0.68 ms, found 3 plugins.
Preloading 0 native plugins for Editor in 0.00 ms.
Mono: successfully reloaded assembly
- Completed reload, in  1.976 seconds
Domain Reload Profiling:
	ReloadAssembly (1977ms)
		BeginReloadAssembly (200ms)
			ExecutionOrderSort (0ms)
			DisableScriptedObjects (7ms)
			BackupInstance (0ms)
			ReleaseScriptingObjects (0ms)
			CreateAndSetChildDomain (44ms)
		EndReloadAssembly (1576ms)
			LoadAssemblies (118ms)
			RebuildTransferFunctionScriptingTraits (0ms)
			SetupTypeCache (439ms)
			ReleaseScriptCaches (1ms)
			RebuildScriptCaches (74ms)
			SetupLoadedEditorAssemblies (847ms)
				LogAssemblyErrors (0ms)
				InitializePlatformSupportModulesInManaged (27ms)
				SetLoadedEditorAssemblies (1ms)
				RefreshPlugins (1ms)
				BeforeProcessingInitializeOnLoad (123ms)
				ProcessInitializeOnLoadAttributes (646ms)
				ProcessInitializeOnLoadMethodAttributes (37ms)
				AfterProcessingInitializeOnLoad (12ms)
				EditorAssembliesLoaded (0ms)
			ExecutionOrderSort2 (0ms)
			AwakeInstancesAfterBackupRestoration (18ms)
Platform modules already initialized, skipping
Refreshing native plugins compatible for Editor in 2.31 ms, found 3 plugins.
Preloading 0 native plugins for Editor in 0.00 ms.
Unloading 3046 Unused Serialized files (Serialized files now loaded: 0)
Unloading 19 unused Assets / (82.7 KB). Loaded Objects now: 3605.
Memory consumption went from 130.6 MB to 130.5 MB.
Total: 4.285300 ms (FindLiveObjects: 0.285600 ms CreateObjectMapping: 0.142700 ms MarkObjects: 3.707000 ms  DeleteObjects: 0.148100 ms)

AssetImportParameters requested are different than current active one (requested -> active):
  custom:video-decoder-ogg-theora: a1e56fd34408186e4bbccfd4996cb3dc -> 
  custom:container-muxer-webm: aa71ff27fc2769a1b78a27578f13a17b -> 
  custom:container-demuxer-webm: 4f35f7cbe854078d1ac9338744f61a02 -> 
  custom:video-encoder-webm-vp8: eb34c28f22e8b96e1ab97ce403110664 -> 
  custom:video-codec-MediaFoundation-h265: 746d11721c4dcdbdad8f713fa42b33f4 -> 
  custom:audio-encoder-webm-vorbis: bf7c407c2cedff20999df2af8eb42d56 -> 
  custom:framework-win-MediaFoundation: 216162199b28c13a410421893ffa2e32 -> 
  custom:container-demuxer-ogg: 62fdf1f143b41e24485cea50d1cbac27 -> 
  custom:video-decoder-webm-vp8: 9c59270c3fd7afecdb556c50c9e8de78 -> 
  custom:audio-decoder-ogg-vorbis: bf7c407c2cedff20999df2af8eb42d56 -> 
Editor requested this worker to shutdown with reason: Scaling down because of idle timeout
AssetImportWorker is now disconnected from the server
Process exiting
Exiting without the bug reporter. Application will terminate with return code 0